[debug] [2020-03-12T22:27:17.956Z] ----------------------------------------------------------------------
[debug] [2020-03-12T22:27:17.965Z] Command:       /usr/local/bin/node /usr/local/bin/firebase init
[debug] [2020-03-12T22:27:17.965Z] CLI Version:   7.13.1
[debug] [2020-03-12T22:27:17.965Z] Platform:      darwin
[debug] [2020-03-12T22:27:17.965Z] Node Version:  v13.0.1
[debug] [2020-03-12T22:27:17.985Z] Time:          Thu Mar 12 2020 19:27:17 GMT-0300 (hora de verano de Chile)
[debug] [2020-03-12T22:27:17.985Z] ----------------------------------------------------------------------
[debug] [2020-03-12T22:27:17.985Z] 
[debug] [2020-03-12T22:27:18.008Z] > command requires scopes: ["email","openid","https://www.googleapis.com/auth/cloudplatformprojects.readonly","https://www.googleapis.com/auth/firebase","https://www.googleapis.com/auth/cloud-platform"]
[debug] [2020-03-12T22:27:18.009Z] > authorizing via signed-in user
[info] 
     ######## #### ########  ######## ########     ###     ######  ########
     ##        ##  ##     ## ##       ##     ##  ##   ##  ##       ##
     ######    ##  ########  ######   ########  #########  ######  ######
     ##        ##  ##    ##  ##       ##     ## ##     ##       ## ##
     ##       #### ##     ## ######## ########  ##     ##  ######  ########

You're about to initialize a Firebase project in this directory:

  /Users/ievastumpe/Desktop/Laboratoria/SCL012-burger-queen

Before we get started, keep in mind:

  * You are initializing in an existing Firebase project directory

[info] 
=== Project Setup
[info] 
[info] First, let's associate this project directory with a Firebase project.
[info] You can create multiple project aliases by running firebase use --add, 
[info] but for now we'll just set up a default project.
[info] 
[debug] [2020-03-12T22:28:17.986Z] >>> HTTP REQUEST GET https://firebase.googleapis.com/v1beta1/projects/theburgerqueen-scl012  
 
[debug] [2020-03-12T22:28:18.477Z] <<< HTTP RESPONSE 200
[info] i  Using project theburgerqueen-scl012 (TheBurgerQueen)
[info] 
=== Database Setup
[info] 
[info] Firebase Realtime Database Rules allow you to define how your data should be
[info] structured and when your data can be read from and written to.
[info] 
[debug] [2020-03-12T22:31:30.481Z] >>> HTTP REQUEST GET https://theburgerqueen-scl012.firebaseio.com/.settings/rules.json  
 
[debug] [2020-03-12T22:31:31.615Z] <<< HTTP RESPONSE 200
[debug] [2020-03-12T22:31:31.643Z] Error: EISDIR: illegal operation on a directory, open '/Users/ievastumpe/Desktop/Laboratoria/SCL012-burger-queen/dist/scl012-burger-queen'
    at Object.openSync (fs.js:440:3)
    at Object.writeFileSync (fs.js:1281:35)
    at Config.writeProjectFile (/usr/local/lib/node_modules/firebase-tools/lib/config.js:179:8)
    at /usr/local/lib/node_modules/firebase-tools/lib/init/features/database.js:25:23
    at processTicksAndRejections (internal/process/task_queues.js:93:5)
[error] 
[error] Error: An unexpected error has occurred.
